Repo:   D:\Armor\main-report
Remote: https://github.com/Kaliostro1983/main-report.git
Branch: main
HEAD(before): 26520fa421501c5514ebbc3ba4292c2460533a14
warning: in the working copy of 'src/automizer/conclusions.json', LF will be replaced by CRLF the next time Git touches it
warning: in the working copy of 'logs/2025-11-11_10-41-26_update_repo.log', LF will be replaced by CRLF the next time Git touches it
[main 7443fdf] Auto commit 2025-11-12_09-36-27
 7 files changed, 333 insertions(+), 102 deletions(-)
 create mode 100644 logs/2025-11-11_10-41-26_update_repo.log
 create mode 100644 logs/2025-11-12_09-36-27_commit_and_push.log
warning: in the working copy of 'logs/2025-11-12_09-36-27_commit_and_push.log', LF will be replaced by CRLF the next time Git touches it
error: unable to unlink old 'logs/2025-11-12_09-36-27_commit_and_push.log': Invalid argument
fatal: could not reset --hard
Created autostash: 0be7741
To https://github.com/Kaliostro1983/main-report.git
   26520fa..7443fdf  main -> main
HEAD(after): 7443fdfbb1ea61b293ab125c140cecfb11c74a86
* 7443fdf (HEAD -> main, origin/main) Auto commit 2025-11-12_09-36-27
* 26520fa Add/update helper BATs with logs and pause
* 2c228eb Auto commit 2025-11-11_09-58-36
* aa59939 Auto commit 2025-11-10_08-42-10
* 14d1aa3 Auto commit 2025-11-09_09-18-30
