Repo:   D:\Armor\main-report
Remote: https://github.com/Kaliostro1983/main-report.git
Branch: main
HEAD(before): 7443fdfbb1ea61b293ab125c140cecfb11c74a86
warning: in the working copy of 'logs/2025-11-12_09-36-27_commit_and_push.log', LF will be replaced by CRLF the next time Git touches it
warning: in the working copy of 'src/automizer/conclusions.json', LF will be replaced by CRLF the next time Git touches it
[main c2c2d28] Auto commit 2025-11-14_19-53-01
 13 files changed, 775 insertions(+), 191 deletions(-)
 create mode 100644 logs/2025-11-14_19-53-01_commit_and_push.log
 create mode 100644 scripts/ingest_whatsapp.bat
 create mode 100644 src/data/data.db
 create mode 100644 src/data/whatsapp/test.txt
 create mode 100644 src/whatsapp_ingest/__init__.py
 create mode 100644 src/whatsapp_ingest/db.py
 create mode 100644 src/whatsapp_ingest/ingest.py
 create mode 100644 src/whatsapp_ingest/parser.py
fatal: It seems that there is already a rebase-merge directory, and
I wonder if you are in the middle of another rebase.  If that is the
case, please try
	git rebase (--continue | --abort | --skip)
If that is not the case, please
	rm -fr ".git/rebase-merge"
and run me again.  I am stopping in case you still have something
valuable there.

To https://github.com/Kaliostro1983/main-report.git
   7443fdf..c2c2d28  main -> main
HEAD(after): c2c2d284469705671be05200844c02ece33e036f
* c2c2d28 (HEAD -> main, origin/main) Auto commit 2025-11-14_19-53-01
* 7443fdf Auto commit 2025-11-12_09-36-27
* 26520fa Add/update helper BATs with logs and pause
* 2c228eb Auto commit 2025-11-11_09-58-36
* aa59939 Auto commit 2025-11-10_08-42-10
